10:12:22:768 (00024768) > [Startup] Marvel's Spider-Man Remastered
10:12:22:768 (00024768) > [Startup] ==============
10:12:22:768 (00024768) > [Startup] 
10:12:22:768 (00024768) > [Startup] Build: v1.812.1.0
10:12:22:768 (00024768) > [Startup] Windows 11.0 (build 26200)
10:12:22:768 (00024768) > [Startup] Game directory: C:\Users\<username>\Documents\Marvel's Spider-Man Remastered\
10:12:22:768 (00024768) > [Startup] 
10:12:22:768 (00024768) > [Startup] Memory statistics:
10:12:22:768 (00024768) > [Startup]   Total RAM = 31.4 GB (32113 MB)
10:12:22:768 (00024768) > [Startup]   Avail RAM = 21.7 GB (22241 MB)
10:12:22:768 (00024768) > [Startup]   Total virtual memory = 131072.0 GB (134217727 MB)
10:12:22:768 (00024768) > [Startup]   Avail virtual memory = 131062.7 GB (134208161 MB)
10:12:22:768 (00024768) > [Startup]   Total page file = 33.4 GB (34161 MB)
10:12:22:768 (00024768) > [Startup]   Avail page file = 20.9 GB (21388 MB)
10:12:22:768 (00024768) > [Startup] 
10:12:22:768 (00024768) > [NxApp] PreInit
10:12:22:768 (00024768) > [SwapChain] Initializing...
10:12:22:768 (00024768) > [DXGI] Initializing...
10:12:24:928 (00024768) > [DXGI] Successfully initialized.
10:12:24:928 (00024768) > [Render] Enumerating adapters:
10:12:24:928 (00024768) > [Render] 	Adapter 0:
10:12:24:928 (00024768) > [Monitor] 		Description             : NVIDIA GeForce RTX 5070 Ti Laptop GPU
10:12:24:928 (00024768) > [Monitor] 		Vendor                  : nVidia (10de)
10:12:24:928 (00024768) > [Monitor] 		Device                  : 2f58
10:12:24:929 (00024768) > [Monitor] 		Sub system              : 3e081043
10:12:24:929 (00024768) > [Monitor] 		Revision                : 161
10:12:24:929 (00024768) > [Monitor] 		Dedicated Video Memory  : 11856 MB
10:12:24:929 (00024768) > [Monitor] 		Dedicated System Memory : 0000 MB
10:12:24:929 (00024768) > [Monitor] 		Shared System Memory    : 18304 MB
10:12:24:929 (00024768) > [Monitor] 
10:12:24:929 (00024768) > [Render] Loading NVAPI...
10:12:24:937 (00024768) > [Render] Done loading NVAPI
10:12:24:937 (00024768) > [Render] 	Adapter 1:
10:12:24:937 (00024768) > [Monitor] 		Description             : Intel(R) Graphics
10:12:24:937 (00024768) > [Monitor] 		Vendor                  : Intel (8086)
10:12:24:937 (00024768) > [Monitor] 		Device                  : 7d67
10:12:24:937 (00024768) > [Monitor] 		Sub system              : 3e081043
10:12:24:937 (00024768) > [Monitor] 		Revision                : 6
10:12:24:937 (00024768) > [Monitor] 		Dedicated Video Memory  : 0128 MB
10:12:24:937 (00024768) > [Monitor] 		Dedicated System Memory : 0000 MB
10:12:24:937 (00024768) > [Monitor] 		Shared System Memory    : 18304 MB
10:12:24:937 (00024768) > [Monitor] 
10:12:24:938 (00024768) > [Render] 	Adapter 2:
10:12:24:938 (00024768) > [Monitor] 		Description             : Microsoft Basic Render Driver
10:12:24:938 (00024768) > [Monitor] 		Vendor                  : Unknown (1414)
10:12:24:938 (00024768) > [Monitor] 		Device                  : 8c
10:12:24:938 (00024768) > [Monitor] 		Sub system              : 0
10:12:24:938 (00024768) > [Monitor] 		Revision                : 0
10:12:24:938 (00024768) > [Monitor] 		Dedicated Video Memory  : 0000 MB
10:12:24:938 (00024768) > [Monitor] 		Dedicated System Memory : 0000 MB
10:12:24:938 (00024768) > [Monitor] 		Shared System Memory    : 18304 MB
10:12:24:938 (00024768) > [Monitor] 
10:12:24:938 (00024768) > [Render] Enumerating monitors:
10:12:24:938 (00024768) > [Render] 	Monitor 0: handle = 0000000000010001, aspect = 1.60, rounded aspect = 1.60
10:12:24:938 (00024768) > [Render] 
10:12:25:117 (00024768) > [Render] 	Monitor handle = 0000000000010001, pixel aspect ratio = 1.00
10:12:25:118 (00024768) > [SwapChain] Successfully initialized.
10:12:25:118 (00024768) > [Render] Enumerating Display Modes:
10:12:25:118 (00024768) > [Render] Querying NVAPI for Surround modes
10:12:25:118 (00024768) > [Render] NvAPI_DISP_GetGDIPrimaryDisplayId returned NVAPI_NVIDIA_DEVICE_NOT_FOUND (fffffffa)

10:12:25:118 (00024768) > [Render] 	Monitor '1 (NVIDIA GeForce RTX 5070 Ti Laptop GPU(1))' (0000000000010001):
10:12:25:118 (00024768) > [Render] 		- Mode  0 :  800 x  600 @  60 Hz, stereo = 0, hdr = 0
10:12:25:118 (00024768) > [Render] 		- Mode  1 :  800 x  600 @ 240 Hz, stereo = 0, hdr = 0
10:12:25:118 (00024768) > [Render] 		- Mode  2 : 1024 x  768 @  60 Hz, stereo = 0, hdr = 0
10:12:25:118 (00024768) > [Render] 		- Mode  3 : 1024 x  768 @ 240 Hz, stereo = 0, hdr = 0
10:12:25:118 (00024768) > [Render] 		- Mode  4 : 1152 x  864 @  60 Hz, stereo = 0, hdr = 0
10:12:25:118 (00024768) > [Render] 		- Mode  5 : 1152 x  864 @ 240 Hz, stereo = 0, hdr = 0
10:12:25:118 (00024768) > [Render] 		- Mode  6 : 1280 x  600 @  60 Hz, stereo = 0, hdr = 0
10:12:25:118 (00024768) > [Render] 		- Mode  7 : 1280 x  600 @ 240 Hz, stereo = 0, hdr = 0
10:12:25:118 (00024768) > [Render] 		- Mode  8 : 1280 x  720 @  60 Hz, stereo = 0, hdr = 0
10:12:25:118 (00024768) > [Render] 		- Mode  9 : 1280 x  720 @ 240 Hz, stereo = 0, hdr = 0
10:12:25:118 (00024768) > [Render] 		- Mode 10 : 1280 x  768 @  60 Hz, stereo = 0, hdr = 0
10:12:25:118 (00024768) > [Render] 		- Mode 11 : 1280 x  768 @ 240 Hz, stereo = 0, hdr = 0
10:12:25:118 (00024768) > [Render] 		- Mode 12 : 1280 x  800 @  60 Hz, stereo = 0, hdr = 0
10:12:25:118 (00024768) > [Render] 		- Mode 13 : 1280 x  800 @ 240 Hz, stereo = 0, hdr = 0
10:12:25:118 (00024768) > [Render] 		- Mode 14 : 1280 x  960 @  60 Hz, stereo = 0, hdr = 0
10:12:25:118 (00024768) > [Render] 		- Mode 15 : 1280 x  960 @ 240 Hz, stereo = 0, hdr = 0
10:12:25:118 (00024768) > [Render] 		- Mode 16 : 1280 x 1024 @  60 Hz, stereo = 0, hdr = 0
10:12:25:118 (00024768) > [Render] 		- Mode 17 : 1280 x 1024 @ 240 Hz, stereo = 0, hdr = 0
10:12:25:118 (00024768) > [Render] 		- Mode 18 : 1360 x  768 @  60 Hz, stereo = 0, hdr = 0
10:12:25:118 (00024768) > [Render] 		- Mode 19 : 1360 x  768 @ 240 Hz, stereo = 0, hdr = 0
10:12:25:118 (00024768) > [Render] 		- Mode 20 : 1366 x  768 @  60 Hz, stereo = 0, hdr = 0
10:12:25:118 (00024768) > [Render] 		- Mode 21 : 1366 x  768 @ 240 Hz, stereo = 0, hdr = 0
10:12:25:118 (00024768) > [Render] 		- Mode 22 : 1400 x 1050 @  60 Hz, stereo = 0, hdr = 0
10:12:25:118 (00024768) > [Render] 		- Mode 23 : 1400 x 1050 @ 240 Hz, stereo = 0, hdr = 0
10:12:25:118 (00024768) > [Render] 		- Mode 24 : 1440 x  900 @  60 Hz, stereo = 0, hdr = 0
10:12:25:118 (00024768) > [Render] 		- Mode 25 : 1440 x  900 @ 240 Hz, stereo = 0, hdr = 0
10:12:25:118 (00024768) > [Render] 		- Mode 26 : 1600 x  900 @  60 Hz, stereo = 0, hdr = 0
10:12:25:118 (00024768) > [Render] 		- Mode 27 : 1600 x  900 @ 240 Hz, stereo = 0, hdr = 0
10:12:25:118 (00024768) > [Render] 		- Mode 28 : 1600 x 1200 @  60 Hz, stereo = 0, hdr = 0
10:12:25:118 (00024768) > [Render] 		- Mode 29 : 1600 x 1200 @ 240 Hz, stereo = 0, hdr = 0
10:12:25:118 (00024768) > [Render] 		- Mode 30 : 1680 x 1050 @  60 Hz, stereo = 0, hdr = 0
10:12:25:118 (00024768) > [Render] 		- Mode 31 : 1680 x 1050 @ 240 Hz, stereo = 0, hdr = 0
10:12:25:118 (00024768) > [Render] 		- Mode 32 : 1792 x 1344 @  60 Hz, stereo = 0, hdr = 0
10:12:25:118 (00024768) > [Render] 		- Mode 33 : 1792 x 1344 @ 240 Hz, stereo = 0, hdr = 0
10:12:25:118 (00024768) > [Render] 		- Mode 34 : 1856 x 1392 @  60 Hz, stereo = 0, hdr = 0
10:12:25:118 (00024768) > [Render] 		- Mode 35 : 1856 x 1392 @ 240 Hz, stereo = 0, hdr = 0
10:12:25:118 (00024768) > [Render] 		- Mode 36 : 1920 x 1080 @  60 Hz, stereo = 0, hdr = 0
10:12:25:118 (00024768) > [Render] 		- Mode 37 : 1920 x 1080 @ 240 Hz, stereo = 0, hdr = 0
10:12:25:118 (00024768) > [Render] 		- Mode 38 : 1920 x 1200 @  60 Hz, stereo = 0, hdr = 0
10:12:25:118 (00024768) > [Render] 		- Mode 39 : 1920 x 1200 @ 240 Hz, stereo = 0, hdr = 0
10:12:25:118 (00024768) > [Render] 		- Mode 40 : 1920 x 1440 @  60 Hz, stereo = 0, hdr = 0
10:12:25:118 (00024768) > [Render] 		- Mode 41 : 1920 x 1440 @ 240 Hz, stereo = 0, hdr = 0
10:12:25:118 (00024768) > [Render] 		- Mode 42 : 2048 x 1152 @  60 Hz, stereo = 0, hdr = 0
10:12:25:118 (00024768) > [Render] 		- Mode 43 : 2048 x 1152 @ 240 Hz, stereo = 0, hdr = 0
10:12:25:118 (00024768) > [Render] 		- Mode 44 : 2048 x 1536 @  60 Hz, stereo = 0, hdr = 0
10:12:25:118 (00024768) > [Render] 		- Mode 45 : 2048 x 1536 @ 240 Hz, stereo = 0, hdr = 0
10:12:25:118 (00024768) > [Render] 		- Mode 46 : 2560 x 1440 @  60 Hz, stereo = 0, hdr = 0
10:12:25:118 (00024768) > [Render] 		- Mode 47 : 2560 x 1440 @ 240 Hz, stereo = 0, hdr = 0
10:12:25:118 (00024768) > [Render] 		- Mode 48 : 2560 x 1600 @  60 Hz, stereo = 0, hdr = 0
10:12:25:118 (00024768) > [Render] 		- Mode 49 : 2560 x 1600 @ 240 Hz, stereo = 0, hdr = 0
10:12:25:118 (00024768) > [Render] ***** Additional Monitor Output Info *****
10:12:25:118 (00024768) > [Render] 		BitsPerColor: 8
10:12:25:118 (00024768) > [Render] 		Primaries: R=0.6797;0.3203  G=0.2646;0.6904  B=0.1504;0.0596  White-Point=0.3135;0.3291
10:12:25:118 (00024768) > [Render] 		HDR: No (Color Space: DXGI_COLOR_SPACE_RGB_FULL_G22_NONE_P709)
10:12:25:118 (00024768) > [Render] 		Luminance: Min=0.5000 Max=270.0000 MaxFullFrame=270.0000
10:12:25:118 (00024768) > [Render] ******************************************
10:12:25:118 (00024768) > [Render] 
10:12:25:301 (00024768) > [D3D] Max supported feature level: 11.0
10:12:25:301 (00024768) > [Render] Disabled D3D12 experimentals
10:12:25:420 (00024768) > [Render] VMEM Budget: 11088 MB
10:12:25:420 (00024768) > [Render] VMEM Avaialbe: 11081 MB
10:12:25:420 (00024768) > [Render] GPU node count: 1
10:12:25:441 (00024768) > [NxApp] PreInit successful.
10:12:26:028 (00024768) > [NxUpscaler] DLSS init, code = 0x00000001, info: NVSDK_NGX_Result_Success
10:12:26:028 (00024768) > [NxUpscaler] DLSS allocate params, code = 0x00000001, info: NVSDK_NGX_Result_Success
10:12:26:030 (00024768) > [NxApp] Querying GPU Driver Info...
10:12:26:030 (00024768) > [NxApp] Enumerating available display adapters:
10:12:26:038 (00024768) > [NxApp] 		NVIDIA GeForce RTX 5070 Ti Laptop GPU (active)
10:12:26:038 (00024768) > [NxApp] 		Intel(R) Graphics
10:12:26:038 (00024768) > [NxApp] Successfully found GPU Driver Info
10:12:28:724 (00024768) > [NxApp] Querying GPU Driver Info...
10:12:28:724 (00024768) > [NxApp] Enumerating available display adapters:
10:12:28:732 (00024768) > [NxApp] 		NVIDIA GeForce RTX 5070 Ti Laptop GPU (active)
10:12:28:732 (00024768) > [NxApp] 		Intel(R) Graphics
10:12:28:732 (00024768) > [NxApp] Successfully found GPU Driver Info
10:12:28:732 (00024768) > [NxApp] Driver Desc: NVIDIA GeForce RTX 5070 Ti Laptop GPU
10:12:28:732 (00024768) > [NxApp] Driver Version: 581.80
10:12:28:732 (00024768) > [**************************************************Display + Graphics Settings**************************************************] 
10:12:28:732 (00024768) > [Settings] DirectX Version: 12
10:12:28:732 (00024768) > [Settings] Window mode: Exclusive fullscreen
10:12:28:732 (00024768) > [Settings] Fullscreen display mode:
10:12:28:732 (00024768) > [Settings] 	Displaying on monitor: 0
10:12:28:732 (00024768) > [Settings] 	Resolution: 2560x1600
10:12:28:732 (00024768) > [Settings] Settings Refresh rate: 240
10:12:28:732 (00024768) > [Settings] 	OS reported Refresh rate: 240
10:12:28:732 (00024768) > [Settings] 	VSync: Off
10:12:28:732 (00024768) > [Settings] 	HDR: Off
10:12:28:732 (00024768) > [Settings] 	Resolution modifier 1.000000
10:12:28:732 (00024768) > [Settings] 	Dynamic resolution FPS target: 0
10:12:28:732 (00024768) > [Settings] Anti aliasing: DLAA

10:12:28:732 (00024768) > [Settings] Upscale method: DLSS

10:12:28:732 (00024768) > [Settings] Upscale quality: Balanced

10:12:28:732 (00024768) > [Settings] Graphics Options:
10:12:28:732 (00024768) > [Settings] 	RT Reflections: On
10:12:28:732 (00024768) > [Settings] 		RT Reflection Resolution: Very High
10:12:28:732 (00024768) > [Settings] 		RT Geometry Detail: Very High
10:12:28:732 (00024768) > [Settings] 		RT Object Scale: 0.600000
10:12:28:732 (00024768) > [Settings] 	Texture Quality: Ultra
10:12:28:732 (00024768) > [Settings] 	Texture Filtering: Anisotropic16x
10:12:28:732 (00024768) > [Settings] 	Shadow Quality: Ultra
10:12:28:732 (00024768) > [Settings] 	Depth of Field: High
10:12:28:732 (00024768) > [Settings] 	Level of Detail: Ultra
10:12:28:732 (00024768) > [Settings] 	Vehicle Detail: High
10:12:28:732 (00024768) > [Settings] 	Crowd Detail: High
10:12:28:732 (00024768) > [Settings] 	Hair Quality: High
10:12:28:732 (00024768) > [Settings] 	Ambient Occlusion: HBAO+
10:12:28:732 (00024768) > [Settings] 	Screen Space Reflections: Normal
10:12:28:732 (00024768) > [Settings] 	Particle Lighting: Very High

10:12:28:732 (00024768) > [Settings] 	Bloom: On
10:12:28:732 (00024768) > [Settings] 	Vignette: On
10:12:28:732 (00024768) > [Settings] 	Chromatic Aberration: On
10:12:28:732 (00024768) > [Settings] 	Motion Blur: 0.499000
10:12:28:732 (00024768) > [Settings] 	FOV Correction: 1.000000
10:12:28:732 (00024768) > [Settings] 	Film Grain Strength: 0.499000
10:12:28:732 (00024768) > [Settings] 	Lens Flares: On
10:12:28:732 (00024768) > [Settings] 	Screen Effects: On
10:12:28:732 (00024768) > [**************************************************Display + Graphics Settings**************************************************] 
10:12:28:732 (00024768) > [NxApp] Creating window...
10:12:28:733 (00006484) > [GameWindow] UpdateState bVisible true
10:12:28:746 (00006484) > [Input] Keyboard language: "English (United States)" (id: 1033)
10:12:28:746 (00006484) > [Input] Keyboard physical layout: "India" (id: 00004009)
10:12:28:746 (00006484) > [Input] Joystick            "Controller (Xbox360 For Windows)"   product 654 vendor 1118 version 0 usage 5 usagePage 1 xinput yes
10:12:28:746 (00006484) > [Input] Joystick            ""   product 6582 vendor 2821 version 534 usage 12 usagePage 1 xinput no
10:12:28:746 (00006484) > [Input] Joystick            ""   product 6582 vendor 2821 version 534 usage 1 usagePage 12 xinput no
10:12:28:746 (00006484) > [Input] Human Input Device  "HID-compliant vendor-defined device"   product 537 vendor 10248 version 1281 usage 1 usagePage 65280
10:12:28:746 (00006484) > [Input] Human Input Device  "HID-compliant vendor-defined device"   product 537 vendor 10248 version 1281 usage 199 usagePage 65280
10:12:28:746 (00006484) > [Input] Joystick            ""   product 6582 vendor 2821 version 534 usage 121 usagePage 65329 xinput no
10:12:28:746 (00006484) > [Input] Human Input Device  "Microsoft Input Configuration Device"   product 0 vendor 0 version 0 usage 0 usagePage 0
10:12:28:746 (00006484) > [Input] Human Input Device  "ASUS Precision Touchpad"   product 537 vendor 10248 version 1281 usage 5 usagePage 13
10:12:28:746 (00006484) > [Input] Joystick            ""   product 6582 vendor 2821 version 534 usage 118 usagePage 65329 xinput no
10:12:28:746 (00006484) > [Input] Mouse               "HID-compliant mouse"   id 256 buttons 5 sampleRate 0 horizontalWheel no
10:12:28:746 (00006484) > [Input] Keyboard            "HID Keyboard Device"   type 81 subType 0 mode 1 function 12 indicators 3 total 488
10:12:28:746 (00006484) > [Input] Mouse               "HID-compliant mouse"   id 256 buttons 2 sampleRate 0 horizontalWheel no
10:12:28:755 (00006484) > [Input] Using LibScePad
10:12:28:757 (00006484) > [Input] Gamepads connected: 0 -> 1
10:12:28:757 (00006484) > [Input] Gamepad for main player: 8
10:12:28:758 (00006484) > [XInput] Enumerating available xusb hid devices:

10:12:28:758 (00006484) > [Xinput] Found device: {D61CA365-5AF4-4486-998B-9DB4734C6CA3}(USB\VID_045E&PID_028E&REV_0110),Xbox 360 Controller for Windows 
	USB\VID_045E&PID_028E\10F36D6

10:12:28:759 (00006484) > [Xinput] Found device: {745A17A0-74D3-11D0-B6FE-00A0C90F57DA}(USB\VID_045E&PID_028E&IG_00),USB Input Device 
	USB\VID_045E&PID_028E&IG_00\6&1E86ACC6&0&00

10:12:28:760 (00024768) > [NxApp] Window created.
10:12:28:760 (00024768) > [NxApp] Initializing swapchain...
10:12:28:760 (00022092) > [SwapChain] Creating...
10:12:28:760 (00022092) > [NxSwapChainImpl] Swapchain native backbuffer (windows) resolution: 2560x1600
10:12:28:762 (00006484) > [Input] new Windows.Gaming.Input raw-controller found 45e 28e

10:12:28:810 (00022092) > [DXGI] Created swapchain.
10:12:28:876 (00022092) > [DXGI] Set-up exclusive fullscreen 
10:12:28:876 (00022092) > [NxDXGI] Creating exclusive fullscreen swapchain with refresh rate 240
10:12:28:969 (00022092) > [SwapChain] Gamma correction is enabled.
10:12:28:969 (00022092) > [SwapChain] Successfully created.
10:12:28:969 (00022092) > [NxSwapChainImpl] Swapchain native backbuffer (windows) resolution: 2560x1600
10:12:28:969 (00024768) > [NxApp] Swapchain initialized
10:12:28:969 (00024768) > [NxApp] Initializing renderer...
10:12:28:969 (00024768) > [NxApp] Renderer initialized
10:12:28:990 (00024768) > [Render] File cache.pso contains 8933 pipelines and 0 duplicates
10:12:28:990 (00024768) > [Render] File C:\Users\<username>\AppData\Roaming\Insomniac Games\Marvel's Spider-Man Remastered\\cache.pso contains 52 pipelines and 0 duplicates
10:12:28:990 (00024768) > [Render] Support for Shader Model 6.6: Yes
10:12:28:990 (00024768) > [Render] Is UMA: No Is Cache Coherent: No
10:12:28:990 (00024768) > [Render] Using Cpu Buffer Optimize: No
10:12:30:672 (00004048) > [Audio] Device (re)initialized 0x0 'FxSound Speakers (FxSound Audio Enhancer)'
10:12:30:705 (00006744) > [Save] Request type 3 failed with code 0x00000002
10:12:30:728 (00006744) > [Save] Request type 3 failed with code 0x00000002
10:12:31:823 (00024768) > [Input] Windows.Gaming.Input controller connected. index: 0
10:12:31:824 (00024768) > [Input] Gamepads connected: 1 -> 2
10:12:31:824 (00024768) > [Input] Gamepad for main player: 0
10:12:31:838 (00024768) > [Input] XInput disabled, disconnecting controller. index: 0
10:12:31:838 (00024768) > [Input] Gamepads connected: 2 -> 1
10:12:31:838 (00024768) > [Input] Gamepad for main player: 0
10:12:32:185 (00024768) > [Save] Request load save type -1, control 128, target -1
10:12:32:186 (00006744) > [Save] Request type 3 failed with code 0x00000002
10:12:32:200 (00006744) > [Save] Request type 3 failed with code 0x00000002
10:12:32:218 (00024768) > [Save] Request load save type 0, control 128, target -1
10:12:32:222 (00006744) > [Save] Request type 3 failed with code 0x00000002
10:12:32:227 (00024768) > [Save] Request load save type 0, control 128, target -1
10:12:32:230 (00006744) > [Save] Request type 3 failed with code 0x00000002
10:12:32:234 (00024768) > [Save] Request load save type 0, control 128, target -1
10:12:32:238 (00006744) > [Save] Request type 3 failed with code 0x00000002
10:12:32:242 (00024768) > [Save] Request load save type 0, control 128, target -1
10:12:32:246 (00006744) > [Save] Request type 3 failed with code 0x00000002
10:12:32:250 (00024768) > [Save] Request load save type 0, control 128, target -1
10:12:32:254 (00006744) > [Save] Request type 3 failed with code 0x00000002
10:13:04:160 (00024768) > [Save] Request load save type 0, control 128, target -1
10:13:04:803 (00024768) > [Save] Request save type 2, control 0
10:13:11:156 (00024768) > [Save] Request save type 0, control 0
10:13:29:584 (00024768) > [Save] Request save type 0, control 0
10:13:29:585 (00024768) > [Save] Request save type 0, control 0
10:13:29:585 (00024768) > [Save] Request save type 0, control 0
10:13:57:558 (00024768) > [Save] Request save type 0, control 0
10:13:57:558 (00024768) > [Save] Request save type 0, control 0
10:13:58:898 (00024768) > [Save] Request save type 0, control 36
10:14:03:420 (00024768) > [Save] Request save type 0, control 0
10:14:48:797 (00024768) > [Save] Request save type 0, control 0
10:14:48:797 (00024768) > [Save] Request save type 0, control 0
10:14:48:971 (00024768) > [Save] Request save type 0, control 36
10:14:55:250 (00024768) > [Save] Request save type 0, control 0
10:16:12:517 (00024768) > [Save] Request save type 0, control 0
10:16:12:517 (00024768) > [Save] Request save type 0, control 0
10:16:14:727 (00024768) > [Save] Request save type 0, control 0
10:16:14:728 (00024768) > [Save] Request save type 0, control 0
10:16:14:785 (00024768) > [Save] Request save type 0, control 36
10:16:18:792 (00024768) > [Save] Request save type 0, control 0
10:16:22:382 (00024768) > [Save] Request save type 0, control 36
10:16:22:622 (00024768) > [Save] Request load save type -1, control 128, target -1
10:16:22:624 (00006744) > [Save] Request type 3 failed with code 0x00000002
10:16:22:660 (00006744) > [Save] Request type 3 failed with code 0x00000002
10:16:25:839 (00024768) > [Save] Request save type 2, control 0
10:16:28:461 (00004048) > [Audio] Device removed 0x0
10:16:28:570 (00024768) > [NxApp] Destroying
10:16:28:654 (00024768) > [DXGI] Destroyed swapchain.
10:16:28:654 (00024768) > [SwapChain] Destroyed.
10:16:28:654 (00024768) > [SwapChain] Released.
10:16:28:654 (00024768) > [Render] Unloading NVAPI
10:16:28:654 (00024768) > [Render] Done unloading NVAPI
10:16:28:655 (00024768) > [DXGI] Destroyed swapchain.
10:16:28:655 (00024768) > [DXGI] Released.
--- NIXXES log closed ---
